<File>
  <FileName>BearPresenter.cpp</FileName>
  <FileType>8</FileType>
  <FilePath>../touchgfx/gui/src/bear_screen/bearpresenter.cpp</FilePath>
</File>
<File>
  <FileName>BearView.cpp</FileName>
  <FileType>8</FileType>
  <FilePath>../touchgfx/gui/src/bear_screen/bearview.cpp</FilePath>
</File>
<File>
  <FileName>FrontendApplication.cpp</FileName>
  <FileType>8</FileType>
  <FilePath>../touchgfx/gui/src/common/frontendapplication.cpp</FilePath>
</File>
<File>
  <FileName>Model.cpp</FileName>
  <FileType>8</FileType>
  <FilePath>../touchgfx/gui/src/model/model.cpp</FilePath>
</File>
<File>
  <FileName>StartupPresenter.cpp</FileName>
  <FileType>8</FileType>
  <FilePath>../touchgfx/gui/src/startup_screen/startuppresenter.cpp</FilePath>
</File>
<File>
  <FileName>StartupView.cpp</FileName>
  <FileType>8</FileType>
  <FilePath>../touchgfx/gui/src/startup_screen/startupview.cpp</FilePath>
</File>
<File>
  <FileName>ApplicationFontProvider.cpp</FileName>
  <FileType>8</FileType>
  <FilePath>../touchgfx/generated/fonts/src/applicationfontprovider.cpp</FilePath>
</File>
<File>
  <FileName>Be_Nice_to_Fat_People_small.cpp</FileName>
  <FileType>8</FileType>
  <FilePath>../touchgfx/generated/images/src/be_nice_to_fat_people_small.cpp</FilePath>
</File>
<File>
  <FileName>BearViewBase.cpp</FileName>
  <FileType>8</FileType>
  <FilePath>../touchgfx/generated/gui_generated/src/bear_screen/bearviewbase.cpp</FilePath>
</File>
<File>
  <FileName>BitmapDatabase.cpp</FileName>
  <FileType>8</FileType>
  <FilePath>../touchgfx/generated/images/src/bitmapdatabase.cpp</FilePath>
</File>
<File>
  <FileName>Font_verdana_10_4bpp.cpp</FileName>
  <FileType>8</FileType>
  <FilePath>../touchgfx/generated/fonts/src/font_verdana_10_4bpp.cpp</FilePath>
</File>
<File>
  <FileName>Font_verdana_20_4bpp.cpp</FileName>
  <FileType>8</FileType>
  <FilePath>../touchgfx/generated/fonts/src/font_verdana_20_4bpp.cpp</FilePath>
</File>
<File>
  <FileName>Font_verdana_40_4bpp.cpp</FileName>
  <FileType>8</FileType>
  <FilePath>../touchgfx/generated/fonts/src/font_verdana_40_4bpp.cpp</FilePath>
</File>
<File>
  <FileName>FontGetters.cpp</FileName>
  <FileType>8</FileType>
  <FilePath>../touchgfx/generated/fonts/src/fontgetters.cpp</FilePath>
</File>
<File>
  <FileName>FrontendApplicationBase.cpp</FileName>
  <FileType>8</FileType>
  <FilePath>../touchgfx/generated/gui_generated/src/common/frontendapplicationbase.cpp</FilePath>
</File>
<File>
  <FileName>Kerning_verdana_10_4bpp.cpp</FileName>
  <FileType>8</FileType>
  <FilePath>../touchgfx/generated/fonts/src/kerning_verdana_10_4bpp.cpp</FilePath>
</File>
<File>
  <FileName>Kerning_verdana_20_4bpp.cpp</FileName>
  <FileType>8</FileType>
  <FilePath>../touchgfx/generated/fonts/src/kerning_verdana_20_4bpp.cpp</FilePath>
</File>
<File>
  <FileName>Kerning_verdana_40_4bpp.cpp</FileName>
  <FileType>8</FileType>
  <FilePath>../touchgfx/generated/fonts/src/kerning_verdana_40_4bpp.cpp</FilePath>
</File>
<File>
  <FileName>LanguageGb.cpp</FileName>
  <FileType>8</FileType>
  <FilePath>../touchgfx/generated/texts/src/languagegb.cpp</FilePath>
</File>
<File>
  <FileName>StartupViewBase.cpp</FileName>
  <FileType>8</FileType>
  <FilePath>../touchgfx/generated/gui_generated/src/startup_screen/startupviewbase.cpp</FilePath>
</File>
<File>
  <FileName>Table_verdana_10_4bpp.cpp</FileName>
  <FileType>8</FileType>
  <FilePath>../touchgfx/generated/fonts/src/table_verdana_10_4bpp.cpp</FilePath>
</File>
<File>
  <FileName>Table_verdana_20_4bpp.cpp</FileName>
  <FileType>8</FileType>
  <FilePath>../touchgfx/generated/fonts/src/table_verdana_20_4bpp.cpp</FilePath>
</File>
<File>
  <FileName>Table_verdana_40_4bpp.cpp</FileName>
  <FileType>8</FileType>
  <FilePath>../touchgfx/generated/fonts/src/table_verdana_40_4bpp.cpp</FilePath>
</File>
<File>
  <FileName>Texts.cpp</FileName>
  <FileType>8</FileType>
  <FilePath>../touchgfx/generated/texts/src/texts.cpp</FilePath>
</File>
<File>
  <FileName>TypedTextDatabase.cpp</FileName>
  <FileType>8</FileType>
  <FilePath>../touchgfx/generated/texts/src/typedtextdatabase.cpp</FilePath>
</File>
