Converting images
Compiling TouchGFX/gui/src/startup_screen/StartupView.cpp
Compiling TouchGFX/gui/src/startup_screen/StartupPresenter.cpp
Compiling TouchGFX/generated/gui_generated/src/startup_screen/StartupViewBase.cpp
Compiling TouchGFX/generated/gui_generated/src/common/FrontendApplicationBase.cpp
Compiling TouchGFX/target/BoardConfiguration.cpp
In file included from ../Drivers/STM32F4xx_HAL_Driver/Inc/stm32f4xx_hal_rcc.h:45:0,
                 from Core/Inc/stm32f4xx_hal_conf.h:182,
                 from ../Drivers/STM32F4xx_HAL_Driver/Inc/stm32f4xx_hal.h:46,
                 from ../Drivers/BSP/STM32F429I-Discovery/stm32f429i_discovery.h:46,
                 from TouchGFX/target/BoardConfiguration.cpp:15:
TouchGFX/target/BoardConfiguration.cpp: In function 'void LCD_MspInit()':
../Drivers/STM32F4xx_HAL_Driver/Inc/stm32f4xx_hal_rcc_ex.h:1621:46: warning: conversion to void will not access object of type 'volatile uint32_t {aka volatile long unsigned int}'
                                       UNUSED(tmpreg); \
                                               
../Drivers/STM32F4xx_HAL_Driver/Inc/stm32f4xx_hal_def.h:84:27: note: in definition of macro 'UNUSED'
 #define UNUSED(x) ((void)(x))
                           ^
TouchGFX/target/BoardConfiguration.cpp:84:9: note: in expansion of macro '__HAL_RCC_LTDC_CLK_ENABLE'
         __HAL_RCC_LTDC_CLK_ENABLE();
         ^~~~~~~~~~~~~~~~~~~~~~~~~
../Drivers/STM32F4xx_HAL_Driver/Inc/stm32f4xx_hal_rcc_ex.h:1063:48: warning: conversion to void will not access object of type 'volatile uint32_t {aka volatile long unsigned int}'
                                         UNUSED(tmpreg); \
                                                 
../Drivers/STM32F4xx_HAL_Driver/Inc/stm32f4xx_hal_def.h:84:27: note: in definition of macro 'UNUSED'
 #define UNUSED(x) ((void)(x))
                           ^
TouchGFX/target/BoardConfiguration.cpp:85:9: note: in expansion of macro '__HAL_RCC_DMA2D_CLK_ENABLE'
         __HAL_RCC_DMA2D_CLK_ENABLE();
         ^~~~~~~~~~~~~~~~~~~~~~~~~~
../Drivers/STM32F4xx_HAL_Driver/Inc/stm32f4xx_hal_rcc_ex.h:1007:48: warning: conversion to void will not access object of type 'volatile uint32_t {aka volatile long unsigned int}'
                                         UNUSED(tmpreg); \
                                                 
../Drivers/STM32F4xx_HAL_Driver/Inc/stm32f4xx_hal_def.h:84:27: note: in definition of macro 'UNUSED'
 #define UNUSED(x) ((void)(x))
                           ^
TouchGFX/target/BoardConfiguration.cpp:88:9: note: in expansion of macro '__HAL_RCC_CRC_CLK_ENABLE'
         __HAL_RCC_CRC_CLK_ENABLE();
         ^~~~~~~~~~~~~~~~~~~~~~~~
../Drivers/STM32F4xx_HAL_Driver/Inc/stm32f4xx_hal_rcc.h:405:48: warning: conversion to void will not access object of type 'volatile uint32_t {aka volatile long unsigned int}'
                                         UNUSED(tmpreg); \
                                                 
../Drivers/STM32F4xx_HAL_Driver/Inc/stm32f4xx_hal_def.h:84:27: note: in definition of macro 'UNUSED'
 #define UNUSED(x) ((void)(x))
                           ^
TouchGFX/target/BoardConfiguration.cpp:91:9: note: in expansion of macro '__HAL_RCC_GPIOA_CLK_ENABLE'
         __HAL_RCC_GPIOA_CLK_ENABLE();
         ^~~~~~~~~~~~~~~~~~~~~~~~~~
../Drivers/STM32F4xx_HAL_Driver/Inc/stm32f4xx_hal_rcc.h:412:48: warning: conversion to void will not access object of type 'volatile uint32_t {aka volatile long unsigned int}'
                                         UNUSED(tmpreg); \
                                                 
../Drivers/STM32F4xx_HAL_Driver/Inc/stm32f4xx_hal_def.h:84:27: note: in definition of macro 'UNUSED'
 #define UNUSED(x) ((void)(x))
                           ^
TouchGFX/target/BoardConfiguration.cpp:92:9: note: in expansion of macro '__HAL_RCC_GPIOB_CLK_ENABLE'
         __HAL_RCC_GPIOB_CLK_ENABLE();
         ^~~~~~~~~~~~~~~~~~~~~~~~~~
../Drivers/STM32F4xx_HAL_Driver/Inc/stm32f4xx_hal_rcc.h:419:48: warning: conversion to void will not access object of type 'volatile uint32_t {aka volatile long unsigned int}'
                                         UNUSED(tmpreg); \
                                                 
../Drivers/STM32F4xx_HAL_Driver/Inc/stm32f4xx_hal_def.h:84:27: note: in definition of macro 'UNUSED'
 #define UNUSED(x) ((void)(x))
                           ^
TouchGFX/target/BoardConfiguration.cpp:93:9: note: in expansion of macro '__HAL_RCC_GPIOC_CLK_ENABLE'
         __HAL_RCC_GPIOC_CLK_ENABLE();
         ^~~~~~~~~~~~~~~~~~~~~~~~~~
../Drivers/STM32F4xx_HAL_Driver/Inc/stm32f4xx_hal_rcc_ex.h:1014:48: warning: conversion to void will not access object of type 'volatile uint32_t {aka volatile long unsigned int}'
                                         UNUSED(tmpreg); \
                                                 
../Drivers/STM32F4xx_HAL_Driver/Inc/stm32f4xx_hal_def.h:84:27: note: in definition of macro 'UNUSED'
 #define UNUSED(x) ((void)(x))
                           ^
TouchGFX/target/BoardConfiguration.cpp:94:9: note: in expansion of macro '__HAL_RCC_GPIOD_CLK_ENABLE'
         __HAL_RCC_GPIOD_CLK_ENABLE();
         ^~~~~~~~~~~~~~~~~~~~~~~~~~
../Drivers/STM32F4xx_HAL_Driver/Inc/stm32f4xx_hal_rcc_ex.h:1035:48: warning: conversion to void will not access object of type 'volatile uint32_t {aka volatile long unsigned int}'
                                         UNUSED(tmpreg); \
                                                 
../Drivers/STM32F4xx_HAL_Driver/Inc/stm32f4xx_hal_def.h:84:27: note: in definition of macro 'UNUSED'
 #define UNUSED(x) ((void)(x))
                           ^
TouchGFX/target/BoardConfiguration.cpp:95:9: note: in expansion of macro '__HAL_RCC_GPIOF_CLK_ENABLE'
         __HAL_RCC_GPIOF_CLK_ENABLE();
         ^~~~~~~~~~~~~~~~~~~~~~~~~~
../Drivers/STM32F4xx_HAL_Driver/Inc/stm32f4xx_hal_rcc_ex.h:1042:48: warning: conversion to void will not access object of type 'volatile uint32_t {aka volatile long unsigned int}'
                                         UNUSED(tmpreg); \
                                                 
../Drivers/STM32F4xx_HAL_Driver/Inc/stm32f4xx_hal_def.h:84:27: note: in definition of macro 'UNUSED'
 #define UNUSED(x) ((void)(x))
                           ^
TouchGFX/target/BoardConfiguration.cpp:96:9: note: in expansion of macro '__HAL_RCC_GPIOG_CLK_ENABLE'
         __HAL_RCC_GPIOG_CLK_ENABLE();
         ^~~~~~~~~~~~~~~~~~~~~~~~~~
TouchGFX/target/BoardConfiguration.cpp: In function 'void touchgfx::SystemClock_Config()':
../Drivers/STM32F4xx_HAL_Driver/Inc/stm32f4xx_hal_rcc.h:531:48: warning: conversion to void will not access object of type 'volatile uint32_t {aka volatile long unsigned int}'
                                         UNUSED(tmpreg); \
                                                 
../Drivers/STM32F4xx_HAL_Driver/Inc/stm32f4xx_hal_def.h:84:27: note: in definition of macro 'UNUSED'
 #define UNUSED(x) ((void)(x))
                           ^
TouchGFX/target/BoardConfiguration.cpp:394:5: note: in expansion of macro '__HAL_RCC_PWR_CLK_ENABLE'
     __HAL_RCC_PWR_CLK_ENABLE();
     ^~~~~~~~~~~~~~~~~~~~~~~~
../Drivers/STM32F4xx_HAL_Driver/Inc/stm32f4xx_hal_pwr_ex.h:158:68: warning: conversion to void will not access object of type 'volatile uint32_t {aka volatile long unsigned int}'
                                                             UNUSED(tmpreg);                                     \
                                                                     
../Drivers/STM32F4xx_HAL_Driver/Inc/stm32f4xx_hal_def.h:84:27: note: in definition of macro 'UNUSED'
 #define UNUSED(x) ((void)(x))
                           ^
TouchGFX/target/BoardConfiguration.cpp:399:5: note: in expansion of macro '__HAL_PWR_VOLTAGESCALING_CONFIG'
     __HAL_PWR_VOLTAGESCALING_CONFIG(PWR_REGULATOR_VOLTAGE_SCALE1);
     ^~~~~~~~~~~~~~~~~~~~~~~~~~~~~~~
Linking TouchGFX/build/bin/target.elf
Producing additional output formats...
  intflash.hex - Internal flash, hex
